[32m2022-05-29 [restartedMain] INFO  com.fy.dailypaper.DailyPaperApplication - Starting DailyPaperApplication using Java 1.8.0_311 on FlyingdeMacBook-Pro.local with PID 82254 (/Library/Code/dailyPaper/target/classes started by flying in /Library/Code/dailyPaper)
[0;39m[32m2022-05-29 [restartedMain] INFO  com.fy.dailypaper.DailyPaperApplication - No active profile set, falling back to 1 default profile: "default"
[0;39m[32m2022-05-29 [restartedMain] INFO  o.s.b.d.env.DevToolsPropertyDefaultsPostProcessor - Devtools property defaults active! Set 'spring.devtools.add-properties' to 'false' to disable
[0;39m[32m2022-05-29 [restartedMain] INFO  o.s.b.d.env.DevToolsPropertyDefaultsPostProcessor - For additional web related logging consider setting the 'logging.level.web' property to 'DEBUG'
[0;39m[32m2022-05-29 [restartedMain] INFO  o.s.d.r.config.RepositoryConfigurationDelegate - Multiple Spring Data modules found, entering strict repository configuration mode!
[0;39m[32m2022-05-29 [restartedMain] INFO  o.s.d.r.config.RepositoryConfigurationDelegate - Bootstrapping Spring Data Redis repositories in DEFAULT mode.
[0;39m[32m2022-05-29 [restartedMain] INFO  o.s.d.r.config.RepositoryConfigurationDelegate - Finished Spring Data repository scanning in 8 ms. Found 0 Redis repository interfaces.
[0;39m[32m2022-05-29 [restartedMain] INFO  o.s.boot.web.embedded.tomcat.TomcatWebServer - Tomcat initialized with port(s): 9090 (http)
[0;39m[32m2022-05-29 [restartedMain] INFO  org.apache.catalina.core.StandardService - Starting service [Tomcat]
[0;39m[32m2022-05-29 [restartedMain] INFO  org.apache.catalina.core.StandardEngine - Starting Servlet engine: [Apache Tomcat/9.0.63]
[0;39m[32m2022-05-29 [restartedMain] INFO  o.a.c.core.ContainerBase.[Tomcat].[localhost].[/] - Initializing Spring embedded WebApplicationContext
[0;39m[32m2022-05-29 [restartedMain] INFO  o.s.b.w.s.c.ServletWebServerApplicationContext - Root WebApplicationContext: initialization completed in 2076 ms
[0;39m[32m2022-05-29 [restartedMain] INFO  c.a.d.s.b.a.DruidDataSourceAutoConfigure - Init DruidDataSource
[0;39m[32m2022-05-29 [restartedMain] INFO  com.alibaba.druid.pool.DruidDataSource - {dataSource-1} inited
[0;39m[32m2022-05-29 [restartedMain] INFO  o.s.b.d.autoconfigure.OptionalLiveReloadServer - LiveReload server is running on port 35729
[0;39m[32m2022-05-29 [restartedMain] INFO  o.s.boot.web.embedded.tomcat.TomcatWebServer - Tomcat started on port(s): 9090 (http) with context path ''
[0;39m[32m2022-05-29 [restartedMain] INFO  com.fy.dailypaper.DailyPaperApplication - Started DailyPaperApplication in 5.33 seconds (JVM running for 6.145)
[0;39m[32m2022-05-29 [http-nio-9090-exec-1] INFO  o.a.c.core.ContainerBase.[Tomcat].[localhost].[/] - Initializing Spring DispatcherServlet 'dispatcherServlet'
[0;39m[32m2022-05-29 [http-nio-9090-exec-1] INFO  org.springframework.web.servlet.DispatcherServlet - Initializing Servlet 'dispatcherServlet'
[0;39m[32m2022-05-29 [http-nio-9090-exec-1] INFO  org.springframework.web.servlet.DispatcherServlet - Completed initialization in 2 ms
[0;39m[31m2022-05-29 [http-nio-9090-exec-10] ERROR o.a.c.c.C.[.[localhost].[/].[dispatcherServlet] - Servlet.service() for servlet [dispatcherServlet] in context with path [] threw exception [Request processing failed; nested exception is java.lang.NullPointerException] with root cause
[0;39mjava.lang.NullPointerException: null
	at com.fy.dailypaper.controller.UserController.sendEmail(UserController.java:105)
	at sun.reflect.NativeMethodAccessorImpl.invoke0(Native Method)
	at sun.reflect.NativeMethodAccessorImpl.invoke(NativeMethodAccessorImpl.java:62)
	at sun.reflect.DelegatingMethodAccessorImpl.invoke(DelegatingMethodAccessorImpl.java:43)
	at java.lang.reflect.Method.invoke(Method.java:498)
	at org.springframework.web.method.support.InvocableHandlerMethod.doInvoke(InvocableHandlerMethod.java:205)
	at org.springframework.web.method.support.InvocableHandlerMethod.invokeForRequest(InvocableHandlerMethod.java:150)
	at org.springframework.web.servlet.mvc.method.annotation.ServletInvocableHandlerMethod.invokeAndHandle(ServletInvocableHandlerMethod.java:117)
	at org.springframework.web.servlet.mvc.method.annotation.RequestMappingHandlerAdapter.invokeHandlerMethod(RequestMappingHandlerAdapter.java:895)
	at org.springframework.web.servlet.mvc.method.annotation.RequestMappingHandlerAdapter.handleInternal(RequestMappingHandlerAdapter.java:808)
	at org.springframework.web.servlet.mvc.method.AbstractHandlerMethodAdapter.handle(AbstractHandlerMethodAdapter.java:87)
	at org.springframework.web.servlet.DispatcherServlet.doDispatch(DispatcherServlet.java:1067)
	at org.springframework.web.servlet.DispatcherServlet.doService(DispatcherServlet.java:963)
	at org.springframework.web.servlet.FrameworkServlet.processRequest(FrameworkServlet.java:1006)
	at org.springframework.web.servlet.FrameworkServlet.doGet(FrameworkServlet.java:898)
	at javax.servlet.http.HttpServlet.service(HttpServlet.java:655)
	at org.springframework.web.servlet.FrameworkServlet.service(FrameworkServlet.java:883)
	at javax.servlet.http.HttpServlet.service(HttpServlet.java:764)
	at org.apache.catalina.core.ApplicationFilterChain.internalDoFilter(ApplicationFilterChain.java:227)
	at org.apache.catalina.core.ApplicationFilterChain.doFilter(ApplicationFilterChain.java:162)
	at org.apache.tomcat.websocket.server.WsFilter.doFilter(WsFilter.java:53)
	at org.apache.catalina.core.ApplicationFilterChain.internalDoFilter(ApplicationFilterChain.java:189)
	at org.apache.catalina.core.ApplicationFilterChain.doFilter(ApplicationFilterChain.java:162)
	at com.alibaba.druid.support.http.WebStatFilter.doFilter(WebStatFilter.java:124)
	at org.apache.catalina.core.ApplicationFilterChain.internalDoFilter(ApplicationFilterChain.java:189)
	at org.apache.catalina.core.ApplicationFilterChain.doFilter(ApplicationFilterChain.java:162)
	at org.springframework.web.filter.RequestContextFilter.doFilterInternal(RequestContextFilter.java:100)
	at org.springframework.web.filter.OncePerRequestFilter.doFilter(OncePerRequestFilter.java:117)
	at org.apache.catalina.core.ApplicationFilterChain.internalDoFilter(ApplicationFilterChain.java:189)
	at org.apache.catalina.core.ApplicationFilterChain.doFilter(ApplicationFilterChain.java:162)
	at org.springframework.web.filter.FormContentFilter.doFilterInternal(FormContentFilter.java:93)
	at org.springframework.web.filter.OncePerRequestFilter.doFilter(OncePerRequestFilter.java:117)
	at org.apache.catalina.core.ApplicationFilterChain.internalDoFilter(ApplicationFilterChain.java:189)
	at org.apache.catalina.core.ApplicationFilterChain.doFilter(ApplicationFilterChain.java:162)
	at org.springframework.web.filter.CharacterEncodingFilter.doFilterInternal(CharacterEncodingFilter.java:201)
	at org.springframework.web.filter.OncePerRequestFilter.doFilter(OncePerRequestFilter.java:117)
	at org.apache.catalina.core.ApplicationFilterChain.internalDoFilter(ApplicationFilterChain.java:189)
	at org.apache.catalina.core.ApplicationFilterChain.doFilter(ApplicationFilterChain.java:162)
	at org.apache.catalina.core.StandardWrapperValve.invoke(StandardWrapperValve.java:197)
	at org.apache.catalina.core.StandardContextValve.invoke(StandardContextValve.java:97)
	at org.apache.catalina.authenticator.AuthenticatorBase.invoke(AuthenticatorBase.java:541)
	at org.apache.catalina.core.StandardHostValve.invoke(StandardHostValve.java:135)
	at org.apache.catalina.valves.ErrorReportValve.invoke(ErrorReportValve.java:92)
	at org.apache.catalina.core.StandardEngineValve.invoke(StandardEngineValve.java:78)
	at org.apache.catalina.connector.CoyoteAdapter.service(CoyoteAdapter.java:360)
	at org.apache.coyote.http11.Http11Processor.service(Http11Processor.java:399)
	at org.apache.coyote.AbstractProcessorLight.process(AbstractProcessorLight.java:65)
	at org.apache.coyote.AbstractProtocol$ConnectionHandler.process(AbstractProtocol.java:890)
	at org.apache.tomcat.util.net.NioEndpoint$SocketProcessor.doRun(NioEndpoint.java:1743)
	at org.apache.tomcat.util.net.SocketProcessorBase.run(SocketProcessorBase.java:49)
	at org.apache.tomcat.util.threads.ThreadPoolExecutor.runWorker(ThreadPoolExecutor.java:1191)
	at org.apache.tomcat.util.threads.ThreadPoolExecutor$Worker.run(ThreadPoolExecutor.java:659)
	at org.apache.tomcat.util.threads.TaskThread$WrappingRunnable.run(TaskThread.java:61)
	at java.lang.Thread.run(Thread.java:748)
[32m2022-05-29 [SpringApplicationShutdownHook] INFO  com.alibaba.druid.pool.DruidDataSource - {dataSource-1} closing ...
[0;39m[32m2022-05-29 [SpringApplicationShutdownHook] INFO  com.alibaba.druid.pool.DruidDataSource - {dataSource-1} closed
[0;39m[32m2022-05-29 [restartedMain] INFO  com.fy.dailypaper.DailyPaperApplication - Starting DailyPaperApplication using Java 1.8.0_311 on FlyingdeMacBook-Pro.local with PID 83688 (/Library/Code/dailyPaper/target/classes started by flying in /Library/Code/dailyPaper)
[0;39m[32m2022-05-29 [restartedMain] INFO  com.fy.dailypaper.DailyPaperApplication - No active profile set, falling back to 1 default profile: "default"
[0;39m[32m2022-05-29 [restartedMain] INFO  o.s.b.d.env.DevToolsPropertyDefaultsPostProcessor - Devtools property defaults active! Set 'spring.devtools.add-properties' to 'false' to disable
[0;39m[32m2022-05-29 [restartedMain] INFO  o.s.b.d.env.DevToolsPropertyDefaultsPostProcessor - For additional web related logging consider setting the 'logging.level.web' property to 'DEBUG'
[0;39m[32m2022-05-29 [restartedMain] INFO  o.s.d.r.config.RepositoryConfigurationDelegate - Multiple Spring Data modules found, entering strict repository configuration mode!
[0;39m[32m2022-05-29 [restartedMain] INFO  o.s.d.r.config.RepositoryConfigurationDelegate - Bootstrapping Spring Data Redis repositories in DEFAULT mode.
[0;39m[32m2022-05-29 [restartedMain] INFO  o.s.d.r.config.RepositoryConfigurationDelegate - Finished Spring Data repository scanning in 6 ms. Found 0 Redis repository interfaces.
[0;39m[32m2022-05-29 [restartedMain] INFO  o.s.boot.web.embedded.tomcat.TomcatWebServer - Tomcat initialized with port(s): 9090 (http)
[0;39m[32m2022-05-29 [restartedMain] INFO  org.apache.catalina.core.StandardService - Starting service [Tomcat]
[0;39m[32m2022-05-29 [restartedMain] INFO  org.apache.catalina.core.StandardEngine - Starting Servlet engine: [Apache Tomcat/9.0.63]
[0;39m[32m2022-05-29 [restartedMain] INFO  o.a.c.core.ContainerBase.[Tomcat].[localhost].[/] - Initializing Spring embedded WebApplicationContext
[0;39m[32m2022-05-29 [restartedMain] INFO  o.s.b.w.s.c.ServletWebServerApplicationContext - Root WebApplicationContext: initialization completed in 1428 ms
[0;39m[32m2022-05-29 [restartedMain] INFO  c.a.d.s.b.a.DruidDataSourceAutoConfigure - Init DruidDataSource
[0;39m[32m2022-05-29 [restartedMain] INFO  com.alibaba.druid.pool.DruidDataSource - {dataSource-1} inited
[0;39m[32m2022-05-29 [restartedMain] INFO  o.s.b.d.autoconfigure.OptionalLiveReloadServer - LiveReload server is running on port 35729
[0;39m[32m2022-05-29 [restartedMain] INFO  o.s.boot.web.embedded.tomcat.TomcatWebServer - Tomcat started on port(s): 9090 (http) with context path ''
[0;39m[32m2022-05-29 [restartedMain] INFO  com.fy.dailypaper.DailyPaperApplication - Started DailyPaperApplication in 3.917 seconds (JVM running for 4.832)
[0;39m[32m2022-05-29 [http-nio-9090-exec-1] INFO  o.a.c.core.ContainerBase.[Tomcat].[localhost].[/] - Initializing Spring DispatcherServlet 'dispatcherServlet'
[0;39m[32m2022-05-29 [http-nio-9090-exec-1] INFO  org.springframework.web.servlet.DispatcherServlet - Initializing Servlet 'dispatcherServlet'
[0;39m[32m2022-05-29 [http-nio-9090-exec-1] INFO  org.springframework.web.servlet.DispatcherServlet - Completed initialization in 2 ms
[0;39m[32m2022-05-29 [SpringApplicationShutdownHook] INFO  com.alibaba.druid.pool.DruidDataSource - {dataSource-1} closing ...
[0;39m[32m2022-05-29 [SpringApplicationShutdownHook] INFO  com.alibaba.druid.pool.DruidDataSource - {dataSource-1} closed
[0;39m[32m2022-05-29 [restartedMain] INFO  com.fy.dailypaper.DailyPaperApplication - Starting DailyPaperApplication using Java 1.8.0_311 on FlyingdeMacBook-Pro.local with PID 84619 (/Library/Code/dailyPaper/target/classes started by flying in /Library/Code/dailyPaper)
[0;39m[32m2022-05-29 [restartedMain] INFO  com.fy.dailypaper.DailyPaperApplication - No active profile set, falling back to 1 default profile: "default"
[0;39m[32m2022-05-29 [restartedMain] INFO  o.s.b.d.env.DevToolsPropertyDefaultsPostProcessor - Devtools property defaults active! Set 'spring.devtools.add-properties' to 'false' to disable
[0;39m[32m2022-05-29 [restartedMain] INFO  o.s.b.d.env.DevToolsPropertyDefaultsPostProcessor - For additional web related logging consider setting the 'logging.level.web' property to 'DEBUG'
[0;39m[32m2022-05-29 [restartedMain] INFO  o.s.d.r.config.RepositoryConfigurationDelegate - Multiple Spring Data modules found, entering strict repository configuration mode!
[0;39m[32m2022-05-29 [restartedMain] INFO  o.s.d.r.config.RepositoryConfigurationDelegate - Bootstrapping Spring Data Redis repositories in DEFAULT mode.
[0;39m[32m2022-05-29 [restartedMain] INFO  o.s.d.r.config.RepositoryConfigurationDelegate - Finished Spring Data repository scanning in 7 ms. Found 0 Redis repository interfaces.
[0;39m[32m2022-05-29 [restartedMain] INFO  o.s.boot.web.embedded.tomcat.TomcatWebServer - Tomcat initialized with port(s): 9090 (http)
[0;39m[32m2022-05-29 [restartedMain] INFO  org.apache.catalina.core.StandardService - Starting service [Tomcat]
[0;39m[32m2022-05-29 [restartedMain] INFO  org.apache.catalina.core.StandardEngine - Starting Servlet engine: [Apache Tomcat/9.0.63]
[0;39m[32m2022-05-29 [restartedMain] INFO  o.a.c.core.ContainerBase.[Tomcat].[localhost].[/] - Initializing Spring embedded WebApplicationContext
[0;39m[32m2022-05-29 [restartedMain] INFO  o.s.b.w.s.c.ServletWebServerApplicationContext - Root WebApplicationContext: initialization completed in 1416 ms
[0;39m[32m2022-05-29 [restartedMain] INFO  c.a.d.s.b.a.DruidDataSourceAutoConfigure - Init DruidDataSource
[0;39m[32m2022-05-29 [restartedMain] INFO  com.alibaba.druid.pool.DruidDataSource - {dataSource-1} inited
[0;39m[32m2022-05-29 [restartedMain] INFO  o.s.b.d.autoconfigure.OptionalLiveReloadServer - LiveReload server is running on port 35729
[0;39m[32m2022-05-29 [restartedMain] INFO  o.s.boot.web.embedded.tomcat.TomcatWebServer - Tomcat started on port(s): 9090 (http) with context path ''
[0;39m[32m2022-05-29 [restartedMain] INFO  com.fy.dailypaper.DailyPaperApplication - Started DailyPaperApplication in 3.829 seconds (JVM running for 4.455)
[0;39m[32m2022-05-29 [http-nio-9090-exec-1] INFO  o.a.c.core.ContainerBase.[Tomcat].[localhost].[/] - Initializing Spring DispatcherServlet 'dispatcherServlet'
[0;39m[32m2022-05-29 [http-nio-9090-exec-1] INFO  org.springframework.web.servlet.DispatcherServlet - Initializing Servlet 'dispatcherServlet'
[0;39m[32m2022-05-29 [http-nio-9090-exec-1] INFO  org.springframework.web.servlet.DispatcherServlet - Completed initialization in 3 ms
[0;39m[32m2022-05-29 [SpringApplicationShutdownHook] INFO  com.alibaba.druid.pool.DruidDataSource - {dataSource-1} closing ...
[0;39m[32m2022-05-29 [SpringApplicationShutdownHook] INFO  com.alibaba.druid.pool.DruidDataSource - {dataSource-1} closed
[0;39m[32m2022-05-29 [restartedMain] INFO  com.fy.dailypaper.DailyPaperApplication - Starting DailyPaperApplication using Java 1.8.0_311 on FlyingdeMacBook-Pro.local with PID 85453 (/Library/Code/dailyPaper/target/classes started by flying in /Library/Code/dailyPaper)
[0;39m[32m2022-05-29 [restartedMain] INFO  com.fy.dailypaper.DailyPaperApplication - No active profile set, falling back to 1 default profile: "default"
[0;39m[32m2022-05-29 [restartedMain] INFO  o.s.b.d.env.DevToolsPropertyDefaultsPostProcessor - Devtools property defaults active! Set 'spring.devtools.add-properties' to 'false' to disable
[0;39m[32m2022-05-29 [restartedMain] INFO  o.s.b.d.env.DevToolsPropertyDefaultsPostProcessor - For additional web related logging consider setting the 'logging.level.web' property to 'DEBUG'
[0;39m[32m2022-05-29 [restartedMain] INFO  o.s.d.r.config.RepositoryConfigurationDelegate - Multiple Spring Data modules found, entering strict repository configuration mode!
[0;39m[32m2022-05-29 [restartedMain] INFO  o.s.d.r.config.RepositoryConfigurationDelegate - Bootstrapping Spring Data Redis repositories in DEFAULT mode.
[0;39m[32m2022-05-29 [restartedMain] INFO  o.s.d.r.config.RepositoryConfigurationDelegate - Finished Spring Data repository scanning in 7 ms. Found 0 Redis repository interfaces.
[0;39m[32m2022-05-29 [restartedMain] INFO  o.s.boot.web.embedded.tomcat.TomcatWebServer - Tomcat initialized with port(s): 9090 (http)
[0;39m[32m2022-05-29 [restartedMain] INFO  org.apache.catalina.core.StandardService - Starting service [Tomcat]
[0;39m[32m2022-05-29 [restartedMain] INFO  org.apache.catalina.core.StandardEngine - Starting Servlet engine: [Apache Tomcat/9.0.63]
[0;39m[32m2022-05-29 [restartedMain] INFO  o.a.c.core.ContainerBase.[Tomcat].[localhost].[/] - Initializing Spring embedded WebApplicationContext
[0;39m[32m2022-05-29 [restartedMain] INFO  o.s.b.w.s.c.ServletWebServerApplicationContext - Root WebApplicationContext: initialization completed in 1462 ms
[0;39m[32m2022-05-29 [restartedMain] INFO  c.a.d.s.b.a.DruidDataSourceAutoConfigure - Init DruidDataSource
[0;39m[32m2022-05-29 [restartedMain] INFO  com.alibaba.druid.pool.DruidDataSource - {dataSource-1} inited
[0;39m[32m2022-05-29 [restartedMain] INFO  o.s.b.d.autoconfigure.OptionalLiveReloadServer - LiveReload server is running on port 35729
[0;39m[32m2022-05-29 [restartedMain] INFO  o.s.boot.web.embedded.tomcat.TomcatWebServer - Tomcat started on port(s): 9090 (http) with context path ''
[0;39m[32m2022-05-29 [restartedMain] INFO  com.fy.dailypaper.DailyPaperApplication - Started DailyPaperApplication in 3.907 seconds (JVM running for 4.565)
[0;39m[32m2022-05-29 [http-nio-9090-exec-1] INFO  o.a.c.core.ContainerBase.[Tomcat].[localhost].[/] - Initializing Spring DispatcherServlet 'dispatcherServlet'
[0;39m[32m2022-05-29 [http-nio-9090-exec-1] INFO  org.springframework.web.servlet.DispatcherServlet - Initializing Servlet 'dispatcherServlet'
[0;39m[32m2022-05-29 [http-nio-9090-exec-1] INFO  org.springframework.web.servlet.DispatcherServlet - Completed initialization in 3 ms
[0;39m[32m2022-05-29 [SpringApplicationShutdownHook] INFO  com.alibaba.druid.pool.DruidDataSource - {dataSource-1} closing ...
[0;39m[32m2022-05-29 [SpringApplicationShutdownHook] INFO  com.alibaba.druid.pool.DruidDataSource - {dataSource-1} closed
[0;39m[32m2022-05-29 [restartedMain] INFO  com.fy.dailypaper.DailyPaperApplication - Starting DailyPaperApplication using Java 1.8.0_311 on FlyingdeMacBook-Pro.local with PID 88738 (/Library/Code/dailyPaper/target/classes started by flying in /Library/Code/dailyPaper)
[0;39m[32m2022-05-29 [restartedMain] INFO  com.fy.dailypaper.DailyPaperApplication - No active profile set, falling back to 1 default profile: "default"
[0;39m[32m2022-05-29 [restartedMain] INFO  o.s.b.d.env.DevToolsPropertyDefaultsPostProcessor - Devtools property defaults active! Set 'spring.devtools.add-properties' to 'false' to disable
[0;39m[32m2022-05-29 [restartedMain] INFO  o.s.b.d.env.DevToolsPropertyDefaultsPostProcessor - For additional web related logging consider setting the 'logging.level.web' property to 'DEBUG'
[0;39m[32m2022-05-29 [restartedMain] INFO  o.s.d.r.config.RepositoryConfigurationDelegate - Multiple Spring Data modules found, entering strict repository configuration mode!
[0;39m[32m2022-05-29 [restartedMain] INFO  o.s.d.r.config.RepositoryConfigurationDelegate - Bootstrapping Spring Data Redis repositories in DEFAULT mode.
[0;39m[32m2022-05-29 [restartedMain] INFO  o.s.d.r.config.RepositoryConfigurationDelegate - Finished Spring Data repository scanning in 6 ms. Found 0 Redis repository interfaces.
[0;39m[32m2022-05-29 [restartedMain] INFO  o.s.boot.web.embedded.tomcat.TomcatWebServer - Tomcat initialized with port(s): 9090 (http)
[0;39m[32m2022-05-29 [restartedMain] INFO  org.apache.catalina.core.StandardService - Starting service [Tomcat]
[0;39m[32m2022-05-29 [restartedMain] INFO  org.apache.catalina.core.StandardEngine - Starting Servlet engine: [Apache Tomcat/9.0.63]
[0;39m[32m2022-05-29 [restartedMain] INFO  o.a.c.core.ContainerBase.[Tomcat].[localhost].[/] - Initializing Spring embedded WebApplicationContext
[0;39m[32m2022-05-29 [restartedMain] INFO  o.s.b.w.s.c.ServletWebServerApplicationContext - Root WebApplicationContext: initialization completed in 1427 ms
[0;39m[32m2022-05-29 [restartedMain] INFO  c.a.d.s.b.a.DruidDataSourceAutoConfigure - Init DruidDataSource
[0;39m[32m2022-05-29 [restartedMain] INFO  com.alibaba.druid.pool.DruidDataSource - {dataSource-1} inited
[0;39m[32m2022-05-29 [restartedMain] INFO  o.s.b.d.autoconfigure.OptionalLiveReloadServer - LiveReload server is running on port 35729
[0;39m[32m2022-05-29 [restartedMain] INFO  o.s.boot.web.embedded.tomcat.TomcatWebServer - Tomcat started on port(s): 9090 (http) with context path ''
[0;39m[32m2022-05-29 [restartedMain] INFO  com.fy.dailypaper.DailyPaperApplication - Started DailyPaperApplication in 3.831 seconds (JVM running for 4.478)
[0;39m[32m2022-05-29 [SpringApplicationShutdownHook] INFO  com.alibaba.druid.pool.DruidDataSource - {dataSource-1} closing ...
[0;39m[32m2022-05-29 [SpringApplicationShutdownHook] INFO  com.alibaba.druid.pool.DruidDataSource - {dataSource-1} closed
[0;39m[32m2022-05-29 [restartedMain] INFO  com.fy.dailypaper.DailyPaperApplication - Starting DailyPaperApplication using Java 1.8.0_311 on FlyingdeMacBook-Pro.local with PID 89078 (/Library/Code/dailyPaper/target/classes started by flying in /Library/Code/dailyPaper)
[0;39m[32m2022-05-29 [restartedMain] INFO  com.fy.dailypaper.DailyPaperApplication - No active profile set, falling back to 1 default profile: "default"
[0;39m[32m2022-05-29 [restartedMain] INFO  o.s.b.d.env.DevToolsPropertyDefaultsPostProcessor - Devtools property defaults active! Set 'spring.devtools.add-properties' to 'false' to disable
[0;39m[32m2022-05-29 [restartedMain] INFO  o.s.b.d.env.DevToolsPropertyDefaultsPostProcessor - For additional web related logging consider setting the 'logging.level.web' property to 'DEBUG'
[0;39m[32m2022-05-29 [restartedMain] INFO  o.s.d.r.config.RepositoryConfigurationDelegate - Multiple Spring Data modules found, entering strict repository configuration mode!
[0;39m[32m2022-05-29 [restartedMain] INFO  o.s.d.r.config.RepositoryConfigurationDelegate - Bootstrapping Spring Data Redis repositories in DEFAULT mode.
[0;39m[32m2022-05-29 [restartedMain] INFO  o.s.d.r.config.RepositoryConfigurationDelegate - Finished Spring Data repository scanning in 8 ms. Found 0 Redis repository interfaces.
[0;39m[32m2022-05-29 [restartedMain] INFO  o.s.boot.web.embedded.tomcat.TomcatWebServer - Tomcat initialized with port(s): 9090 (http)
[0;39m[32m2022-05-29 [restartedMain] INFO  org.apache.catalina.core.StandardService - Starting service [Tomcat]
[0;39m[32m2022-05-29 [restartedMain] INFO  org.apache.catalina.core.StandardEngine - Starting Servlet engine: [Apache Tomcat/9.0.63]
[0;39m[32m2022-05-29 [restartedMain] INFO  o.a.c.core.ContainerBase.[Tomcat].[localhost].[/] - Initializing Spring embedded WebApplicationContext
[0;39m[32m2022-05-29 [restartedMain] INFO  o.s.b.w.s.c.ServletWebServerApplicationContext - Root WebApplicationContext: initialization completed in 1485 ms
[0;39m[32m2022-05-29 [restartedMain] INFO  c.a.d.s.b.a.DruidDataSourceAutoConfigure - Init DruidDataSource
[0;39m[32m2022-05-29 [restartedMain] INFO  com.alibaba.druid.pool.DruidDataSource - {dataSource-1} inited
[0;39m[32m2022-05-29 [restartedMain] INFO  o.s.b.d.autoconfigure.OptionalLiveReloadServer - LiveReload server is running on port 35729
[0;39m[32m2022-05-29 [restartedMain] INFO  o.s.boot.web.embedded.tomcat.TomcatWebServer - Tomcat started on port(s): 9090 (http) with context path ''
[0;39m[32m2022-05-29 [restartedMain] INFO  com.fy.dailypaper.DailyPaperApplication - Started DailyPaperApplication in 3.979 seconds (JVM running for 4.639)
[0;39m[32m2022-05-29 [SpringApplicationShutdownHook] INFO  com.alibaba.druid.pool.DruidDataSource - {dataSource-1} closing ...
[0;39m[32m2022-05-29 [SpringApplicationShutdownHook] INFO  com.alibaba.druid.pool.DruidDataSource - {dataSource-1} closed
[0;39m[32m2022-05-29 [restartedMain] INFO  com.fy.dailypaper.DailyPaperApplication - Starting DailyPaperApplication using Java 1.8.0_311 on FlyingdeMacBook-Pro.local with PID 89502 (/Library/Code/dailyPaper/target/classes started by flying in /Library/Code/dailyPaper)
[0;39m[32m2022-05-29 [restartedMain] INFO  com.fy.dailypaper.DailyPaperApplication - No active profile set, falling back to 1 default profile: "default"
[0;39m[32m2022-05-29 [restartedMain] INFO  o.s.b.d.env.DevToolsPropertyDefaultsPostProcessor - Devtools property defaults active! Set 'spring.devtools.add-properties' to 'false' to disable
[0;39m[32m2022-05-29 [restartedMain] INFO  o.s.b.d.env.DevToolsPropertyDefaultsPostProcessor - For additional web related logging consider setting the 'logging.level.web' property to 'DEBUG'
[0;39m[32m2022-05-29 [restartedMain] INFO  o.s.d.r.config.RepositoryConfigurationDelegate - Multiple Spring Data modules found, entering strict repository configuration mode!
[0;39m[32m2022-05-29 [restartedMain] INFO  o.s.d.r.config.RepositoryConfigurationDelegate - Bootstrapping Spring Data Redis repositories in DEFAULT mode.
[0;39m[32m2022-05-29 [restartedMain] INFO  o.s.d.r.config.RepositoryConfigurationDelegate - Finished Spring Data repository scanning in 10 ms. Found 0 Redis repository interfaces.
[0;39m[32m2022-05-29 [restartedMain] INFO  o.s.boot.web.embedded.tomcat.TomcatWebServer - Tomcat initialized with port(s): 9090 (http)
[0;39m[32m2022-05-29 [restartedMain] INFO  org.apache.catalina.core.StandardService - Starting service [Tomcat]
[0;39m[32m2022-05-29 [restartedMain] INFO  org.apache.catalina.core.StandardEngine - Starting Servlet engine: [Apache Tomcat/9.0.63]
[0;39m[32m2022-05-29 [restartedMain] INFO  o.a.c.core.ContainerBase.[Tomcat].[localhost].[/] - Initializing Spring embedded WebApplicationContext
[0;39m[32m2022-05-29 [restartedMain] INFO  o.s.b.w.s.c.ServletWebServerApplicationContext - Root WebApplicationContext: initialization completed in 1555 ms
[0;39m[32m2022-05-29 [restartedMain] INFO  c.a.d.s.b.a.DruidDataSourceAutoConfigure - Init DruidDataSource
[0;39m[32m2022-05-29 [restartedMain] INFO  com.alibaba.druid.pool.DruidDataSource - {dataSource-1} inited
[0;39m[32m2022-05-29 [restartedMain] INFO  o.s.b.d.autoconfigure.OptionalLiveReloadServer - LiveReload server is running on port 35729
[0;39m[32m2022-05-29 [restartedMain] INFO  o.s.boot.web.embedded.tomcat.TomcatWebServer - Tomcat started on port(s): 9090 (http) with context path ''
[0;39m[32m2022-05-29 [restartedMain] INFO  com.fy.dailypaper.DailyPaperApplication - Started DailyPaperApplication in 4.138 seconds (JVM running for 4.971)
[0;39m[32m2022-05-29 [http-nio-9090-exec-1] INFO  o.a.c.core.ContainerBase.[Tomcat].[localhost].[/] - Initializing Spring DispatcherServlet 'dispatcherServlet'
[0;39m[32m2022-05-29 [http-nio-9090-exec-1] INFO  org.springframework.web.servlet.DispatcherServlet - Initializing Servlet 'dispatcherServlet'
[0;39m[32m2022-05-29 [http-nio-9090-exec-1] INFO  org.springframework.web.servlet.DispatcherServlet - Completed initialization in 4 ms
[0;39m[32m2022-05-29 [SpringApplicationShutdownHook] INFO  com.alibaba.druid.pool.DruidDataSource - {dataSource-1} closing ...
[0;39m[32m2022-05-29 [SpringApplicationShutdownHook] INFO  com.alibaba.druid.pool.DruidDataSource - {dataSource-1} closed
[0;39m[32m2022-05-29 [restartedMain] INFO  com.fy.dailypaper.DailyPaperApplication - Starting DailyPaperApplication using Java 1.8.0_311 on FlyingdeMacBook-Pro.local with PID 91151 (/Library/Code/dailyPaper/target/classes started by flying in /Library/Code/dailyPaper)
[0;39m[32m2022-05-29 [restartedMain] INFO  com.fy.dailypaper.DailyPaperApplication - No active profile set, falling back to 1 default profile: "default"
[0;39m[32m2022-05-29 [restartedMain] INFO  o.s.b.d.env.DevToolsPropertyDefaultsPostProcessor - Devtools property defaults active! Set 'spring.devtools.add-properties' to 'false' to disable
[0;39m[32m2022-05-29 [restartedMain] INFO  o.s.b.d.env.DevToolsPropertyDefaultsPostProcessor - For additional web related logging consider setting the 'logging.level.web' property to 'DEBUG'
[0;39m[32m2022-05-29 [restartedMain] INFO  o.s.d.r.config.RepositoryConfigurationDelegate - Multiple Spring Data modules found, entering strict repository configuration mode!
[0;39m[32m2022-05-29 [restartedMain] INFO  o.s.d.r.config.RepositoryConfigurationDelegate - Bootstrapping Spring Data Redis repositories in DEFAULT mode.
[0;39m[32m2022-05-29 [restartedMain] INFO  o.s.d.r.config.RepositoryConfigurationDelegate - Finished Spring Data repository scanning in 7 ms. Found 0 Redis repository interfaces.
[0;39m[32m2022-05-29 [restartedMain] INFO  o.s.boot.web.embedded.tomcat.TomcatWebServer - Tomcat initialized with port(s): 9090 (http)
[0;39m[32m2022-05-29 [restartedMain] INFO  org.apache.catalina.core.StandardService - Starting service [Tomcat]
[0;39m[32m2022-05-29 [restartedMain] INFO  org.apache.catalina.core.StandardEngine - Starting Servlet engine: [Apache Tomcat/9.0.63]
[0;39m[32m2022-05-29 [restartedMain] INFO  o.a.c.core.ContainerBase.[Tomcat].[localhost].[/] - Initializing Spring embedded WebApplicationContext
[0;39m[32m2022-05-29 [restartedMain] INFO  o.s.b.w.s.c.ServletWebServerApplicationContext - Root WebApplicationContext: initialization completed in 1504 ms
[0;39m[32m2022-05-29 [restartedMain] INFO  c.a.d.s.b.a.DruidDataSourceAutoConfigure - Init DruidDataSource
[0;39m[32m2022-05-29 [restartedMain] INFO  com.alibaba.druid.pool.DruidDataSource - {dataSource-1} inited
[0;39m[32m2022-05-29 [restartedMain] INFO  o.s.b.d.autoconfigure.OptionalLiveReloadServer - LiveReload server is running on port 35729
[0;39m[32m2022-05-29 [restartedMain] INFO  o.s.boot.web.embedded.tomcat.TomcatWebServer - Tomcat started on port(s): 9090 (http) with context path ''
[0;39m[32m2022-05-29 [restartedMain] INFO  com.fy.dailypaper.DailyPaperApplication - Started DailyPaperApplication in 3.974 seconds (JVM running for 4.671)
[0;39m[32m2022-05-29 [http-nio-9090-exec-1] INFO  o.a.c.core.ContainerBase.[Tomcat].[localhost].[/] - Initializing Spring DispatcherServlet 'dispatcherServlet'
[0;39m[32m2022-05-29 [http-nio-9090-exec-1] INFO  org.springframework.web.servlet.DispatcherServlet - Initializing Servlet 'dispatcherServlet'
[0;39m[32m2022-05-29 [http-nio-9090-exec-1] INFO  org.springframework.web.servlet.DispatcherServlet - Completed initialization in 7 ms
[0;39m[32m2022-05-29 [SpringApplicationShutdownHook] INFO  com.alibaba.druid.pool.DruidDataSource - {dataSource-1} closing ...
[0;39m[32m2022-05-29 [SpringApplicationShutdownHook] INFO  com.alibaba.druid.pool.DruidDataSource - {dataSource-1} closed
[0;39m[32m2022-05-29 [restartedMain] INFO  com.fy.dailypaper.DailyPaperApplication - Starting DailyPaperApplication using Java 1.8.0_311 on FlyingdeMacBook-Pro.local with PID 93207 (/Library/Code/dailyPaper/target/classes started by flying in /Library/Code/dailyPaper)
[0;39m[32m2022-05-29 [restartedMain] INFO  com.fy.dailypaper.DailyPaperApplication - No active profile set, falling back to 1 default profile: "default"
[0;39m[32m2022-05-29 [restartedMain] INFO  o.s.b.d.env.DevToolsPropertyDefaultsPostProcessor - Devtools property defaults active! Set 'spring.devtools.add-properties' to 'false' to disable
[0;39m[32m2022-05-29 [restartedMain] INFO  o.s.b.d.env.DevToolsPropertyDefaultsPostProcessor - For additional web related logging consider setting the 'logging.level.web' property to 'DEBUG'
[0;39m[32m2022-05-29 [restartedMain] INFO  o.s.d.r.config.RepositoryConfigurationDelegate - Multiple Spring Data modules found, entering strict repository configuration mode!
[0;39m[32m2022-05-29 [restartedMain] INFO  o.s.d.r.config.RepositoryConfigurationDelegate - Bootstrapping Spring Data Redis repositories in DEFAULT mode.
[0;39m[32m2022-05-29 [restartedMain] INFO  o.s.d.r.config.RepositoryConfigurationDelegate - Finished Spring Data repository scanning in 8 ms. Found 0 Redis repository interfaces.
[0;39m[32m2022-05-29 [restartedMain] INFO  o.s.boot.web.embedded.tomcat.TomcatWebServer - Tomcat initialized with port(s): 9090 (http)
[0;39m[32m2022-05-29 [restartedMain] INFO  org.apache.catalina.core.StandardService - Starting service [Tomcat]
[0;39m[32m2022-05-29 [restartedMain] INFO  org.apache.catalina.core.StandardEngine - Starting Servlet engine: [Apache Tomcat/9.0.63]
[0;39m[32m2022-05-29 [restartedMain] INFO  o.a.c.core.ContainerBase.[Tomcat].[localhost].[/] - Initializing Spring embedded WebApplicationContext
[0;39m[32m2022-05-29 [restartedMain] INFO  o.s.b.w.s.c.ServletWebServerApplicationContext - Root WebApplicationContext: initialization completed in 1541 ms
[0;39m[32m2022-05-29 [restartedMain] INFO  c.a.d.s.b.a.DruidDataSourceAutoConfigure - Init DruidDataSource
[0;39m[32m2022-05-29 [restartedMain] INFO  com.alibaba.druid.pool.DruidDataSource - {dataSource-1} inited
[0;39m[32m2022-05-29 [restartedMain] INFO  o.s.b.d.autoconfigure.OptionalLiveReloadServer - LiveReload server is running on port 35729
[0;39m[32m2022-05-29 [restartedMain] INFO  o.s.boot.web.embedded.tomcat.TomcatWebServer - Tomcat started on port(s): 9090 (http) with context path ''
[0;39m[32m2022-05-29 [restartedMain] INFO  com.fy.dailypaper.DailyPaperApplication - Started DailyPaperApplication in 3.996 seconds (JVM running for 4.709)
[0;39m[32m2022-05-29 [http-nio-9090-exec-1] INFO  o.a.c.core.ContainerBase.[Tomcat].[localhost].[/] - Initializing Spring DispatcherServlet 'dispatcherServlet'
[0;39m[32m2022-05-29 [http-nio-9090-exec-1] INFO  org.springframework.web.servlet.DispatcherServlet - Initializing Servlet 'dispatcherServlet'
[0;39m[32m2022-05-29 [http-nio-9090-exec-1] INFO  org.springframework.web.servlet.DispatcherServlet - Completed initialization in 6 ms
[0;39m[32m2022-05-29 [SpringApplicationShutdownHook] INFO  com.alibaba.druid.pool.DruidDataSource - {dataSource-1} closing ...
[0;39m[32m2022-05-29 [SpringApplicationShutdownHook] INFO  com.alibaba.druid.pool.DruidDataSource - {dataSource-1} closed
[0;39m[32m2022-05-29 [restartedMain] INFO  com.fy.dailypaper.DailyPaperApplication - Starting DailyPaperApplication using Java 1.8.0_311 on FlyingdeMacBook-Pro.local with PID 96492 (/Library/Code/dailyPaper/target/classes started by flying in /Library/Code/dailyPaper)
[0;39m[32m2022-05-29 [restartedMain] INFO  com.fy.dailypaper.DailyPaperApplication - No active profile set, falling back to 1 default profile: "default"
[0;39m[32m2022-05-29 [restartedMain] INFO  o.s.b.d.env.DevToolsPropertyDefaultsPostProcessor - Devtools property defaults active! Set 'spring.devtools.add-properties' to 'false' to disable
[0;39m[32m2022-05-29 [restartedMain] INFO  o.s.b.d.env.DevToolsPropertyDefaultsPostProcessor - For additional web related logging consider setting the 'logging.level.web' property to 'DEBUG'
[0;39m[32m2022-05-29 [restartedMain] INFO  o.s.d.r.config.RepositoryConfigurationDelegate - Multiple Spring Data modules found, entering strict repository configuration mode!
[0;39m[32m2022-05-29 [restartedMain] INFO  o.s.d.r.config.RepositoryConfigurationDelegate - Bootstrapping Spring Data Redis repositories in DEFAULT mode.
[0;39m[32m2022-05-29 [restartedMain] INFO  o.s.d.r.config.RepositoryConfigurationDelegate - Finished Spring Data repository scanning in 9 ms. Found 0 Redis repository interfaces.
[0;39m[32m2022-05-29 [restartedMain] INFO  o.s.boot.web.embedded.tomcat.TomcatWebServer - Tomcat initialized with port(s): 9090 (http)
[0;39m[32m2022-05-29 [restartedMain] INFO  org.apache.catalina.core.StandardService - Starting service [Tomcat]
[0;39m[32m2022-05-29 [restartedMain] INFO  org.apache.catalina.core.StandardEngine - Starting Servlet engine: [Apache Tomcat/9.0.63]
[0;39m[32m2022-05-29 [restartedMain] INFO  o.a.c.core.ContainerBase.[Tomcat].[localhost].[/] - Initializing Spring embedded WebApplicationContext
[0;39m[32m2022-05-29 [restartedMain] INFO  o.s.b.w.s.c.ServletWebServerApplicationContext - Root WebApplicationContext: initialization completed in 1594 ms
[0;39m[32m2022-05-29 [restartedMain] INFO  c.a.d.s.b.a.DruidDataSourceAutoConfigure - Init DruidDataSource
[0;39m[32m2022-05-29 [restartedMain] INFO  com.alibaba.druid.pool.DruidDataSource - {dataSource-1} inited
[0;39m[32m2022-05-29 [restartedMain] INFO  o.s.b.d.autoconfigure.OptionalLiveReloadServer - LiveReload server is running on port 35729
[0;39m[32m2022-05-29 [restartedMain] INFO  o.s.boot.web.embedded.tomcat.TomcatWebServer - Tomcat started on port(s): 9090 (http) with context path ''
[0;39m[32m2022-05-29 [restartedMain] INFO  com.fy.dailypaper.DailyPaperApplication - Started DailyPaperApplication in 4.228 seconds (JVM running for 4.936)
[0;39m[32m2022-05-29 [http-nio-9090-exec-1] INFO  o.a.c.core.ContainerBase.[Tomcat].[localhost].[/] - Initializing Spring DispatcherServlet 'dispatcherServlet'
[0;39m[32m2022-05-29 [http-nio-9090-exec-1] INFO  org.springframework.web.servlet.DispatcherServlet - Initializing Servlet 'dispatcherServlet'
[0;39m[32m2022-05-29 [http-nio-9090-exec-1] INFO  org.springframework.web.servlet.DispatcherServlet - Completed initialization in 1 ms
[0;39m[32m2022-05-29 [SpringApplicationShutdownHook] INFO  com.alibaba.druid.pool.DruidDataSource - {dataSource-1} closing ...
[0;39m[32m2022-05-29 [SpringApplicationShutdownHook] INFO  com.alibaba.druid.pool.DruidDataSource - {dataSource-1} closed
[0;39m[32m2022-05-29 [restartedMain] INFO  com.fy.dailypaper.DailyPaperApplication - Starting DailyPaperApplication using Java 1.8.0_311 on FlyingdeMacBook-Pro.local with PID 98280 (/Library/Code/dailyPaper/target/classes started by flying in /Library/Code/dailyPaper)
[0;39m[32m2022-05-29 [restartedMain] INFO  com.fy.dailypaper.DailyPaperApplication - No active profile set, falling back to 1 default profile: "default"
[0;39m[32m2022-05-29 [restartedMain] INFO  o.s.b.d.env.DevToolsPropertyDefaultsPostProcessor - Devtools property defaults active! Set 'spring.devtools.add-properties' to 'false' to disable
[0;39m[32m2022-05-29 [restartedMain] INFO  o.s.b.d.env.DevToolsPropertyDefaultsPostProcessor - For additional web related logging consider setting the 'logging.level.web' property to 'DEBUG'
[0;39m[32m2022-05-29 [restartedMain] INFO  o.s.d.r.config.RepositoryConfigurationDelegate - Multiple Spring Data modules found, entering strict repository configuration mode!
[0;39m[32m2022-05-29 [restartedMain] INFO  o.s.d.r.config.RepositoryConfigurationDelegate - Bootstrapping Spring Data Redis repositories in DEFAULT mode.
[0;39m[32m2022-05-29 [restartedMain] INFO  o.s.d.r.config.RepositoryConfigurationDelegate - Finished Spring Data repository scanning in 7 ms. Found 0 Redis repository interfaces.
[0;39m[32m2022-05-29 [restartedMain] INFO  o.s.boot.web.embedded.tomcat.TomcatWebServer - Tomcat initialized with port(s): 9090 (http)
[0;39m[32m2022-05-29 [restartedMain] INFO  org.apache.catalina.core.StandardService - Starting service [Tomcat]
[0;39m[32m2022-05-29 [restartedMain] INFO  org.apache.catalina.core.StandardEngine - Starting Servlet engine: [Apache Tomcat/9.0.63]
[0;39m[32m2022-05-29 [restartedMain] INFO  o.a.c.core.ContainerBase.[Tomcat].[localhost].[/] - Initializing Spring embedded WebApplicationContext
[0;39m[32m2022-05-29 [restartedMain] INFO  o.s.b.w.s.c.ServletWebServerApplicationContext - Root WebApplicationContext: initialization completed in 1659 ms
[0;39m[32m2022-05-29 [restartedMain] INFO  c.a.d.s.b.a.DruidDataSourceAutoConfigure - Init DruidDataSource
[0;39m[32m2022-05-29 [restartedMain] INFO  com.alibaba.druid.pool.DruidDataSource - {dataSource-1} inited
[0;39m[32m2022-05-29 [restartedMain] INFO  o.s.b.d.autoconfigure.OptionalLiveReloadServer - LiveReload server is running on port 35729
[0;39m[32m2022-05-29 [restartedMain] INFO  o.s.boot.web.embedded.tomcat.TomcatWebServer - Tomcat started on port(s): 9090 (http) with context path ''
[0;39m[32m2022-05-29 [restartedMain] INFO  com.fy.dailypaper.DailyPaperApplication - Started DailyPaperApplication in 4.191 seconds (JVM running for 4.939)
[0;39m[32m2022-05-29 [http-nio-9090-exec-1] INFO  o.a.c.core.ContainerBase.[Tomcat].[localhost].[/] - Initializing Spring DispatcherServlet 'dispatcherServlet'
[0;39m[32m2022-05-29 [http-nio-9090-exec-1] INFO  org.springframework.web.servlet.DispatcherServlet - Initializing Servlet 'dispatcherServlet'
[0;39m[32m2022-05-29 [http-nio-9090-exec-1] INFO  org.springframework.web.servlet.DispatcherServlet - Completed initialization in 4 ms
[0;39m[32m2022-05-29 [SpringApplicationShutdownHook] INFO  com.alibaba.druid.pool.DruidDataSource - {dataSource-1} closing ...
[0;39m[32m2022-05-29 [SpringApplicationShutdownHook] INFO  com.alibaba.druid.pool.DruidDataSource - {dataSource-1} closed
[0;39m[32m2022-05-29 [restartedMain] INFO  com.fy.dailypaper.DailyPaperApplication - Starting DailyPaperApplication using Java 1.8.0_311 on FlyingdeMacBook-Pro.local with PID 1747 (/Library/Code/dailyPaper/target/classes started by flying in /Library/Code/dailyPaper)
[0;39m[32m2022-05-29 [restartedMain] INFO  com.fy.dailypaper.DailyPaperApplication - No active profile set, falling back to 1 default profile: "default"
[0;39m[32m2022-05-29 [restartedMain] INFO  o.s.b.d.env.DevToolsPropertyDefaultsPostProcessor - Devtools property defaults active! Set 'spring.devtools.add-properties' to 'false' to disable
[0;39m[32m2022-05-29 [restartedMain] INFO  o.s.b.d.env.DevToolsPropertyDefaultsPostProcessor - For additional web related logging consider setting the 'logging.level.web' property to 'DEBUG'
[0;39m[32m2022-05-29 [restartedMain] INFO  o.s.d.r.config.RepositoryConfigurationDelegate - Multiple Spring Data modules found, entering strict repository configuration mode!
[0;39m[32m2022-05-29 [restartedMain] INFO  o.s.d.r.config.RepositoryConfigurationDelegate - Bootstrapping Spring Data Redis repositories in DEFAULT mode.
[0;39m[32m2022-05-29 [restartedMain] INFO  o.s.d.r.config.RepositoryConfigurationDelegate - Finished Spring Data repository scanning in 9 ms. Found 0 Redis repository interfaces.
[0;39m[32m2022-05-29 [restartedMain] INFO  o.s.boot.web.embedded.tomcat.TomcatWebServer - Tomcat initialized with port(s): 9090 (http)
[0;39m[32m2022-05-29 [restartedMain] INFO  org.apache.catalina.core.StandardService - Starting service [Tomcat]
[0;39m[32m2022-05-29 [restartedMain] INFO  org.apache.catalina.core.StandardEngine - Starting Servlet engine: [Apache Tomcat/9.0.63]
[0;39m[32m2022-05-29 [restartedMain] INFO  o.a.c.core.ContainerBase.[Tomcat].[localhost].[/] - Initializing Spring embedded WebApplicationContext
[0;39m[32m2022-05-29 [restartedMain] INFO  o.s.b.w.s.c.ServletWebServerApplicationContext - Root WebApplicationContext: initialization completed in 1478 ms
[0;39m[32m2022-05-29 [restartedMain] INFO  c.a.d.s.b.a.DruidDataSourceAutoConfigure - Init DruidDataSource
[0;39m[32m2022-05-29 [restartedMain] INFO  com.alibaba.druid.pool.DruidDataSource - {dataSource-1} inited
[0;39m[32m2022-05-29 [restartedMain] INFO  o.s.b.d.autoconfigure.OptionalLiveReloadServer - LiveReload server is running on port 35729
[0;39m[32m2022-05-29 [restartedMain] INFO  o.s.boot.web.embedded.tomcat.TomcatWebServer - Tomcat started on port(s): 9090 (http) with context path ''
[0;39m[32m2022-05-29 [restartedMain] INFO  com.fy.dailypaper.DailyPaperApplication - Started DailyPaperApplication in 4.071 seconds (JVM running for 4.803)
[0;39m[32m2022-05-29 [SpringApplicationShutdownHook] INFO  com.alibaba.druid.pool.DruidDataSource - {dataSource-1} closing ...
[0;39m[32m2022-05-29 [SpringApplicationShutdownHook] INFO  com.alibaba.druid.pool.DruidDataSource - {dataSource-1} closed
[0;39m[32m2022-05-29 [restartedMain] INFO  com.fy.dailypaper.DailyPaperApplication - Starting DailyPaperApplication using Java 1.8.0_311 on FlyingdeMacBook-Pro.local with PID 1851 (/Library/Code/dailyPaper/target/classes started by flying in /Library/Code/dailyPaper)
[0;39m[32m2022-05-29 [restartedMain] INFO  com.fy.dailypaper.DailyPaperApplication - No active profile set, falling back to 1 default profile: "default"
[0;39m[32m2022-05-29 [restartedMain] INFO  o.s.b.d.env.DevToolsPropertyDefaultsPostProcessor - Devtools property defaults active! Set 'spring.devtools.add-properties' to 'false' to disable
[0;39m[32m2022-05-29 [restartedMain] INFO  o.s.b.d.env.DevToolsPropertyDefaultsPostProcessor - For additional web related logging consider setting the 'logging.level.web' property to 'DEBUG'
[0;39m[32m2022-05-29 [restartedMain] INFO  o.s.d.r.config.RepositoryConfigurationDelegate - Multiple Spring Data modules found, entering strict repository configuration mode!
[0;39m[32m2022-05-29 [restartedMain] INFO  o.s.d.r.config.RepositoryConfigurationDelegate - Bootstrapping Spring Data Redis repositories in DEFAULT mode.
[0;39m[32m2022-05-29 [restartedMain] INFO  o.s.d.r.config.RepositoryConfigurationDelegate - Finished Spring Data repository scanning in 7 ms. Found 0 Redis repository interfaces.
[0;39m[32m2022-05-29 [restartedMain] INFO  o.s.boot.web.embedded.tomcat.TomcatWebServer - Tomcat initialized with port(s): 9090 (http)
[0;39m[32m2022-05-29 [restartedMain] INFO  org.apache.catalina.core.StandardService - Starting service [Tomcat]
[0;39m[32m2022-05-29 [restartedMain] INFO  org.apache.catalina.core.StandardEngine - Starting Servlet engine: [Apache Tomcat/9.0.63]
[0;39m[32m2022-05-29 [restartedMain] INFO  o.a.c.core.ContainerBase.[Tomcat].[localhost].[/] - Initializing Spring embedded WebApplicationContext
[0;39m[32m2022-05-29 [restartedMain] INFO  o.s.b.w.s.c.ServletWebServerApplicationContext - Root WebApplicationContext: initialization completed in 1468 ms
[0;39m[32m2022-05-29 [restartedMain] INFO  c.a.d.s.b.a.DruidDataSourceAutoConfigure - Init DruidDataSource
[0;39m[32m2022-05-29 [restartedMain] INFO  com.alibaba.druid.pool.DruidDataSource - {dataSource-1} inited
[0;39m[32m2022-05-29 [restartedMain] INFO  o.s.b.d.autoconfigure.OptionalLiveReloadServer - LiveReload server is running on port 35729
[0;39m[32m2022-05-29 [restartedMain] INFO  o.s.boot.web.embedded.tomcat.TomcatWebServer - Tomcat started on port(s): 9090 (http) with context path ''
[0;39m[32m2022-05-29 [restartedMain] INFO  com.fy.dailypaper.DailyPaperApplication - Started DailyPaperApplication in 3.914 seconds (JVM running for 4.483)
[0;39m[32m2022-05-29 [http-nio-9090-exec-1] INFO  o.a.c.core.ContainerBase.[Tomcat].[localhost].[/] - Initializing Spring DispatcherServlet 'dispatcherServlet'
[0;39m[32m2022-05-29 [http-nio-9090-exec-1] INFO  org.springframework.web.servlet.DispatcherServlet - Initializing Servlet 'dispatcherServlet'
[0;39m[32m2022-05-29 [http-nio-9090-exec-1] INFO  org.springframework.web.servlet.DispatcherServlet - Completed initialization in 3 ms
[0;39m[32m2022-05-29 [SpringApplicationShutdownHook] INFO  com.alibaba.druid.pool.DruidDataSource - {dataSource-1} closing ...
[0;39m[32m2022-05-29 [SpringApplicationShutdownHook] INFO  com.alibaba.druid.pool.DruidDataSource - {dataSource-1} closed
[0;39m[32m2022-05-29 [restartedMain] INFO  com.fy.dailypaper.DailyPaperApplication - Starting DailyPaperApplication using Java 1.8.0_311 on FlyingdeMacBook-Pro.local with PID 2794 (/Library/Code/dailyPaper/target/classes started by flying in /Library/Code/dailyPaper)
[0;39m[32m2022-05-29 [restartedMain] INFO  com.fy.dailypaper.DailyPaperApplication - No active profile set, falling back to 1 default profile: "default"
[0;39m[32m2022-05-29 [restartedMain] INFO  o.s.b.d.env.DevToolsPropertyDefaultsPostProcessor - Devtools property defaults active! Set 'spring.devtools.add-properties' to 'false' to disable
[0;39m[32m2022-05-29 [restartedMain] INFO  o.s.b.d.env.DevToolsPropertyDefaultsPostProcessor - For additional web related logging consider setting the 'logging.level.web' property to 'DEBUG'
[0;39m[32m2022-05-29 [restartedMain] INFO  o.s.d.r.config.RepositoryConfigurationDelegate - Multiple Spring Data modules found, entering strict repository configuration mode!
[0;39m[32m2022-05-29 [restartedMain] INFO  o.s.d.r.config.RepositoryConfigurationDelegate - Bootstrapping Spring Data Redis repositories in DEFAULT mode.
[0;39m[32m2022-05-29 [restartedMain] INFO  o.s.d.r.config.RepositoryConfigurationDelegate - Finished Spring Data repository scanning in 7 ms. Found 0 Redis repository interfaces.
[0;39m[32m2022-05-29 [restartedMain] INFO  o.s.boot.web.embedded.tomcat.TomcatWebServer - Tomcat initialized with port(s): 9090 (http)
[0;39m[32m2022-05-29 [restartedMain] INFO  org.apache.catalina.core.StandardService - Starting service [Tomcat]
[0;39m[32m2022-05-29 [restartedMain] INFO  org.apache.catalina.core.StandardEngine - Starting Servlet engine: [Apache Tomcat/9.0.63]
[0;39m[32m2022-05-29 [restartedMain] INFO  o.a.c.core.ContainerBase.[Tomcat].[localhost].[/] - Initializing Spring embedded WebApplicationContext
[0;39m[32m2022-05-29 [restartedMain] INFO  o.s.b.w.s.c.ServletWebServerApplicationContext - Root WebApplicationContext: initialization completed in 1426 ms
[0;39m[32m2022-05-29 [restartedMain] INFO  c.a.d.s.b.a.DruidDataSourceAutoConfigure - Init DruidDataSource
[0;39m[32m2022-05-29 [restartedMain] INFO  com.alibaba.druid.pool.DruidDataSource - {dataSource-1} inited
[0;39m[32m2022-05-29 [restartedMain] INFO  o.s.b.d.autoconfigure.OptionalLiveReloadServer - LiveReload server is running on port 35729
[0;39m[32m2022-05-29 [restartedMain] INFO  o.s.boot.web.embedded.tomcat.TomcatWebServer - Tomcat started on port(s): 9090 (http) with context path ''
[0;39m[32m2022-05-29 [restartedMain] INFO  com.fy.dailypaper.DailyPaperApplication - Started DailyPaperApplication in 3.793 seconds (JVM running for 4.389)
[0;39m[32m2022-05-29 [http-nio-9090-exec-2] INFO  o.a.c.core.ContainerBase.[Tomcat].[localhost].[/] - Initializing Spring DispatcherServlet 'dispatcherServlet'
[0;39m[32m2022-05-29 [http-nio-9090-exec-2] INFO  org.springframework.web.servlet.DispatcherServlet - Initializing Servlet 'dispatcherServlet'
[0;39m[32m2022-05-29 [http-nio-9090-exec-2] INFO  org.springframework.web.servlet.DispatcherServlet - Completed initialization in 3 ms
[0;39m[32m2022-05-29 [SpringApplicationShutdownHook] INFO  com.alibaba.druid.pool.DruidDataSource - {dataSource-1} closing ...
[0;39m[32m2022-05-29 [SpringApplicationShutdownHook] INFO  com.alibaba.druid.pool.DruidDataSource - {dataSource-1} closed
[0;39m[32m2022-05-29 [restartedMain] INFO  com.fy.dailypaper.DailyPaperApplication - Starting DailyPaperApplication using Java 1.8.0_311 on FlyingdeMacBook-Pro.local with PID 4132 (/Library/Code/dailyPaper/target/classes started by flying in /Library/Code/dailyPaper)
[0;39m[32m2022-05-29 [restartedMain] INFO  com.fy.dailypaper.DailyPaperApplication - No active profile set, falling back to 1 default profile: "default"
[0;39m[32m2022-05-29 [restartedMain] INFO  o.s.b.d.env.DevToolsPropertyDefaultsPostProcessor - Devtools property defaults active! Set 'spring.devtools.add-properties' to 'false' to disable
[0;39m[32m2022-05-29 [restartedMain] INFO  o.s.b.d.env.DevToolsPropertyDefaultsPostProcessor - For additional web related logging consider setting the 'logging.level.web' property to 'DEBUG'
[0;39m[32m2022-05-29 [restartedMain] INFO  o.s.d.r.config.RepositoryConfigurationDelegate - Multiple Spring Data modules found, entering strict repository configuration mode!
[0;39m[32m2022-05-29 [restartedMain] INFO  o.s.d.r.config.RepositoryConfigurationDelegate - Bootstrapping Spring Data Redis repositories in DEFAULT mode.
[0;39m[32m2022-05-29 [restartedMain] INFO  o.s.d.r.config.RepositoryConfigurationDelegate - Finished Spring Data repository scanning in 6 ms. Found 0 Redis repository interfaces.
[0;39m[32m2022-05-29 [restartedMain] INFO  o.s.boot.web.embedded.tomcat.TomcatWebServer - Tomcat initialized with port(s): 9090 (http)
[0;39m[32m2022-05-29 [restartedMain] INFO  org.apache.catalina.core.StandardService - Starting service [Tomcat]
[0;39m[32m2022-05-29 [restartedMain] INFO  org.apache.catalina.core.StandardEngine - Starting Servlet engine: [Apache Tomcat/9.0.63]
[0;39m[32m2022-05-29 [restartedMain] INFO  o.a.c.core.ContainerBase.[Tomcat].[localhost].[/] - Initializing Spring embedded WebApplicationContext
[0;39m[32m2022-05-29 [restartedMain] INFO  o.s.b.w.s.c.ServletWebServerApplicationContext - Root WebApplicationContext: initialization completed in 1515 ms
[0;39m[32m2022-05-29 [restartedMain] INFO  c.a.d.s.b.a.DruidDataSourceAutoConfigure - Init DruidDataSource
[0;39m[32m2022-05-29 [restartedMain] INFO  com.alibaba.druid.pool.DruidDataSource - {dataSource-1} inited
[0;39m[32m2022-05-29 [restartedMain] INFO  o.s.b.d.autoconfigure.OptionalLiveReloadServer - LiveReload server is running on port 35729
[0;39m[32m2022-05-29 [restartedMain] INFO  o.s.boot.web.embedded.tomcat.TomcatWebServer - Tomcat started on port(s): 9090 (http) with context path ''
[0;39m[32m2022-05-29 [restartedMain] INFO  com.fy.dailypaper.DailyPaperApplication - Started DailyPaperApplication in 3.969 seconds (JVM running for 4.707)
[0;39m[32m2022-05-29 [SpringApplicationShutdownHook] INFO  com.alibaba.druid.pool.DruidDataSource - {dataSource-1} closing ...
[0;39m[32m2022-05-29 [SpringApplicationShutdownHook] INFO  com.alibaba.druid.pool.DruidDataSource - {dataSource-1} closed
[0;39m[32m2022-05-29 [restartedMain] INFO  com.fy.dailypaper.DailyPaperApplication - Starting DailyPaperApplication using Java 1.8.0_311 on FlyingdeMacBook-Pro.local with PID 4345 (/Library/Code/dailyPaper/target/classes started by flying in /Library/Code/dailyPaper)
[0;39m[32m2022-05-29 [restartedMain] INFO  com.fy.dailypaper.DailyPaperApplication - No active profile set, falling back to 1 default profile: "default"
[0;39m[32m2022-05-29 [restartedMain] INFO  o.s.b.d.env.DevToolsPropertyDefaultsPostProcessor - Devtools property defaults active! Set 'spring.devtools.add-properties' to 'false' to disable
[0;39m[32m2022-05-29 [restartedMain] INFO  o.s.b.d.env.DevToolsPropertyDefaultsPostProcessor - For additional web related logging consider setting the 'logging.level.web' property to 'DEBUG'
[0;39m[32m2022-05-29 [restartedMain] INFO  o.s.d.r.config.RepositoryConfigurationDelegate - Multiple Spring Data modules found, entering strict repository configuration mode!
[0;39m[32m2022-05-29 [restartedMain] INFO  o.s.d.r.config.RepositoryConfigurationDelegate - Bootstrapping Spring Data Redis repositories in DEFAULT mode.
[0;39m[32m2022-05-29 [restartedMain] INFO  o.s.d.r.config.RepositoryConfigurationDelegate - Finished Spring Data repository scanning in 6 ms. Found 0 Redis repository interfaces.
[0;39m[32m2022-05-29 [restartedMain] INFO  o.s.boot.web.embedded.tomcat.TomcatWebServer - Tomcat initialized with port(s): 9090 (http)
[0;39m[32m2022-05-29 [restartedMain] INFO  org.apache.catalina.core.StandardService - Starting service [Tomcat]
[0;39m[32m2022-05-29 [restartedMain] INFO  org.apache.catalina.core.StandardEngine - Starting Servlet engine: [Apache Tomcat/9.0.63]
[0;39m[32m2022-05-29 [restartedMain] INFO  o.a.c.core.ContainerBase.[Tomcat].[localhost].[/] - Initializing Spring embedded WebApplicationContext
[0;39m[32m2022-05-29 [restartedMain] INFO  o.s.b.w.s.c.ServletWebServerApplicationContext - Root WebApplicationContext: initialization completed in 1429 ms
[0;39m[32m2022-05-29 [restartedMain] INFO  c.a.d.s.b.a.DruidDataSourceAutoConfigure - Init DruidDataSource
[0;39m[32m2022-05-29 [restartedMain] INFO  com.alibaba.druid.pool.DruidDataSource - {dataSource-1} inited
[0;39m[32m2022-05-29 [restartedMain] INFO  o.s.b.d.autoconfigure.OptionalLiveReloadServer - LiveReload server is running on port 35729
[0;39m[32m2022-05-29 [restartedMain] INFO  o.s.boot.web.embedded.tomcat.TomcatWebServer - Tomcat started on port(s): 9090 (http) with context path ''
[0;39m[32m2022-05-29 [restartedMain] INFO  com.fy.dailypaper.DailyPaperApplication - Started DailyPaperApplication in 3.932 seconds (JVM running for 4.503)
[0;39m[32m2022-05-29 [http-nio-9090-exec-1] INFO  o.a.c.core.ContainerBase.[Tomcat].[localhost].[/] - Initializing Spring DispatcherServlet 'dispatcherServlet'
[0;39m[32m2022-05-29 [http-nio-9090-exec-1] INFO  org.springframework.web.servlet.DispatcherServlet - Initializing Servlet 'dispatcherServlet'
[0;39m[32m2022-05-29 [http-nio-9090-exec-1] INFO  org.springframework.web.servlet.DispatcherServlet - Completed initialization in 2 ms
[0;39m[32m2022-05-29 [SpringApplicationShutdownHook] INFO  com.alibaba.druid.pool.DruidDataSource - {dataSource-1} closing ...
[0;39m[32m2022-05-29 [SpringApplicationShutdownHook] INFO  com.alibaba.druid.pool.DruidDataSource - {dataSource-1} closed
[0;39m[32m2022-05-29 [restartedMain] INFO  com.fy.dailypaper.DailyPaperApplication - Starting DailyPaperApplication using Java 1.8.0_311 on FlyingdeMacBook-Pro.local with PID 6408 (/Library/Code/dailyPaper/target/classes started by flying in /Library/Code/dailyPaper)
[0;39m[32m2022-05-29 [restartedMain] INFO  com.fy.dailypaper.DailyPaperApplication - No active profile set, falling back to 1 default profile: "default"
[0;39m[32m2022-05-29 [restartedMain] INFO  o.s.b.d.env.DevToolsPropertyDefaultsPostProcessor - Devtools property defaults active! Set 'spring.devtools.add-properties' to 'false' to disable
[0;39m[32m2022-05-29 [restartedMain] INFO  o.s.b.d.env.DevToolsPropertyDefaultsPostProcessor - For additional web related logging consider setting the 'logging.level.web' property to 'DEBUG'
[0;39m[32m2022-05-29 [restartedMain] INFO  o.s.d.r.config.RepositoryConfigurationDelegate - Multiple Spring Data modules found, entering strict repository configuration mode!
[0;39m[32m2022-05-29 [restartedMain] INFO  o.s.d.r.config.RepositoryConfigurationDelegate - Bootstrapping Spring Data Redis repositories in DEFAULT mode.
[0;39m[32m2022-05-29 [restartedMain] INFO  o.s.d.r.config.RepositoryConfigurationDelegate - Finished Spring Data repository scanning in 6 ms. Found 0 Redis repository interfaces.
[0;39m[32m2022-05-29 [restartedMain] INFO  o.s.boot.web.embedded.tomcat.TomcatWebServer - Tomcat initialized with port(s): 9090 (http)
[0;39m[32m2022-05-29 [restartedMain] INFO  org.apache.catalina.core.StandardService - Starting service [Tomcat]
[0;39m[32m2022-05-29 [restartedMain] INFO  org.apache.catalina.core.StandardEngine - Starting Servlet engine: [Apache Tomcat/9.0.63]
[0;39m[32m2022-05-29 [restartedMain] INFO  o.a.c.core.ContainerBase.[Tomcat].[localhost].[/] - Initializing Spring embedded WebApplicationContext
[0;39m[32m2022-05-29 [restartedMain] INFO  o.s.b.w.s.c.ServletWebServerApplicationContext - Root WebApplicationContext: initialization completed in 1654 ms
[0;39m[32m2022-05-29 [restartedMain] INFO  c.a.d.s.b.a.DruidDataSourceAutoConfigure - Init DruidDataSource
[0;39m[32m2022-05-29 [restartedMain] INFO  com.alibaba.druid.pool.DruidDataSource - {dataSource-1} inited
[0;39m[32m2022-05-29 [restartedMain] INFO  o.s.b.d.autoconfigure.OptionalLiveReloadServer - LiveReload server is running on port 35729
[0;39m[32m2022-05-29 [restartedMain] INFO  o.s.boot.web.embedded.tomcat.TomcatWebServer - Tomcat started on port(s): 9090 (http) with context path ''
[0;39m[32m2022-05-29 [restartedMain] INFO  com.fy.dailypaper.DailyPaperApplication - Started DailyPaperApplication in 4.933 seconds (JVM running for 5.541)
[0;39m[32m2022-05-29 [http-nio-9090-exec-1] INFO  o.a.c.core.ContainerBase.[Tomcat].[localhost].[/] - Initializing Spring DispatcherServlet 'dispatcherServlet'
[0;39m[32m2022-05-29 [http-nio-9090-exec-1] INFO  org.springframework.web.servlet.DispatcherServlet - Initializing Servlet 'dispatcherServlet'
[0;39m[32m2022-05-29 [http-nio-9090-exec-1] INFO  org.springframework.web.servlet.DispatcherServlet - Completed initialization in 2 ms
[0;39m[32m2022-05-29 [SpringApplicationShutdownHook] INFO  com.alibaba.druid.pool.DruidDataSource - {dataSource-1} closing ...
[0;39m[32m2022-05-29 [SpringApplicationShutdownHook] INFO  com.alibaba.druid.pool.DruidDataSource - {dataSource-1} closed
[0;39m[32m2022-05-29 [restartedMain] INFO  com.fy.dailypaper.DailyPaperApplication - Starting DailyPaperApplication using Java 1.8.0_311 on FlyingdeMacBook-Pro.local with PID 7852 (/Library/Code/dailyPaper/target/classes started by flying in /Library/Code/dailyPaper)
[0;39m[32m2022-05-29 [restartedMain] INFO  com.fy.dailypaper.DailyPaperApplication - No active profile set, falling back to 1 default profile: "default"
[0;39m[32m2022-05-29 [restartedMain] INFO  o.s.b.d.env.DevToolsPropertyDefaultsPostProcessor - Devtools property defaults active! Set 'spring.devtools.add-properties' to 'false' to disable
[0;39m[32m2022-05-29 [restartedMain] INFO  o.s.b.d.env.DevToolsPropertyDefaultsPostProcessor - For additional web related logging consider setting the 'logging.level.web' property to 'DEBUG'
[0;39m[32m2022-05-29 [restartedMain] INFO  o.s.d.r.config.RepositoryConfigurationDelegate - Multiple Spring Data modules found, entering strict repository configuration mode!
[0;39m[32m2022-05-29 [restartedMain] INFO  o.s.d.r.config.RepositoryConfigurationDelegate - Bootstrapping Spring Data Redis repositories in DEFAULT mode.
[0;39m[32m2022-05-29 [restartedMain] INFO  o.s.d.r.config.RepositoryConfigurationDelegate - Finished Spring Data repository scanning in 6 ms. Found 0 Redis repository interfaces.
[0;39m[32m2022-05-29 [restartedMain] INFO  o.s.boot.web.embedded.tomcat.TomcatWebServer - Tomcat initialized with port(s): 9090 (http)
[0;39m[32m2022-05-29 [restartedMain] INFO  org.apache.catalina.core.StandardService - Starting service [Tomcat]
[0;39m[32m2022-05-29 [restartedMain] INFO  org.apache.catalina.core.StandardEngine - Starting Servlet engine: [Apache Tomcat/9.0.63]
[0;39m[32m2022-05-29 [restartedMain] INFO  o.a.c.core.ContainerBase.[Tomcat].[localhost].[/] - Initializing Spring embedded WebApplicationContext
[0;39m[32m2022-05-29 [restartedMain] INFO  o.s.b.w.s.c.ServletWebServerApplicationContext - Root WebApplicationContext: initialization completed in 1625 ms
[0;39m[32m2022-05-29 [restartedMain] INFO  c.a.d.s.b.a.DruidDataSourceAutoConfigure - Init DruidDataSource
[0;39m[32m2022-05-29 [restartedMain] INFO  com.alibaba.druid.pool.DruidDataSource - {dataSource-1} inited
[0;39m[32m2022-05-29 [restartedMain] INFO  o.s.b.d.autoconfigure.OptionalLiveReloadServer - LiveReload server is running on port 35729
[0;39m[32m2022-05-29 [restartedMain] INFO  o.s.boot.web.embedded.tomcat.TomcatWebServer - Tomcat started on port(s): 9090 (http) with context path ''
[0;39m[32m2022-05-29 [restartedMain] INFO  com.fy.dailypaper.DailyPaperApplication - Started DailyPaperApplication in 4.15 seconds (JVM running for 4.809)
[0;39m[32m2022-05-29 [http-nio-9090-exec-1] INFO  o.a.c.core.ContainerBase.[Tomcat].[localhost].[/] - Initializing Spring DispatcherServlet 'dispatcherServlet'
[0;39m[32m2022-05-29 [http-nio-9090-exec-1] INFO  org.springframework.web.servlet.DispatcherServlet - Initializing Servlet 'dispatcherServlet'
[0;39m[32m2022-05-29 [http-nio-9090-exec-1] INFO  org.springframework.web.servlet.DispatcherServlet - Completed initialization in 2 ms
[0;39m[32m2022-05-29 [SpringApplicationShutdownHook] INFO  com.alibaba.druid.pool.DruidDataSource - {dataSource-1} closing ...
[0;39m[32m2022-05-29 [SpringApplicationShutdownHook] INFO  com.alibaba.druid.pool.DruidDataSource - {dataSource-1} closed
[0;39m[32m2022-05-29 [restartedMain] INFO  com.fy.dailypaper.DailyPaperApplication - Starting DailyPaperApplication using Java 1.8.0_311 on FlyingdeMacBook-Pro.local with PID 10987 (/Library/Code/dailyPaper/target/classes started by flying in /Library/Code/dailyPaper)
[0;39m[32m2022-05-29 [restartedMain] INFO  com.fy.dailypaper.DailyPaperApplication - No active profile set, falling back to 1 default profile: "default"
[0;39m[32m2022-05-29 [restartedMain] INFO  o.s.b.d.env.DevToolsPropertyDefaultsPostProcessor - Devtools property defaults active! Set 'spring.devtools.add-properties' to 'false' to disable
[0;39m[32m2022-05-29 [restartedMain] INFO  o.s.b.d.env.DevToolsPropertyDefaultsPostProcessor - For additional web related logging consider setting the 'logging.level.web' property to 'DEBUG'
[0;39m[32m2022-05-29 [restartedMain] INFO  o.s.d.r.config.RepositoryConfigurationDelegate - Multiple Spring Data modules found, entering strict repository configuration mode!
[0;39m[32m2022-05-29 [restartedMain] INFO  o.s.d.r.config.RepositoryConfigurationDelegate - Bootstrapping Spring Data Redis repositories in DEFAULT mode.
[0;39m[32m2022-05-29 [restartedMain] INFO  o.s.d.r.config.RepositoryConfigurationDelegate - Finished Spring Data repository scanning in 7 ms. Found 0 Redis repository interfaces.
[0;39m[32m2022-05-29 [restartedMain] INFO  o.s.boot.web.embedded.tomcat.TomcatWebServer - Tomcat initialized with port(s): 9090 (http)
[0;39m[32m2022-05-29 [restartedMain] INFO  org.apache.catalina.core.StandardService - Starting service [Tomcat]
[0;39m[32m2022-05-29 [restartedMain] INFO  org.apache.catalina.core.StandardEngine - Starting Servlet engine: [Apache Tomcat/9.0.63]
[0;39m[32m2022-05-29 [restartedMain] INFO  o.a.c.core.ContainerBase.[Tomcat].[localhost].[/] - Initializing Spring embedded WebApplicationContext
[0;39m[32m2022-05-29 [restartedMain] INFO  o.s.b.w.s.c.ServletWebServerApplicationContext - Root WebApplicationContext: initialization completed in 1579 ms
[0;39m[32m2022-05-29 [restartedMain] INFO  c.a.d.s.b.a.DruidDataSourceAutoConfigure - Init DruidDataSource
[0;39m[32m2022-05-29 [restartedMain] INFO  com.alibaba.druid.pool.DruidDataSource - {dataSource-1} inited
[0;39m[32m2022-05-29 [restartedMain] INFO  o.s.b.d.autoconfigure.OptionalLiveReloadServer - LiveReload server is running on port 35729
[0;39m[32m2022-05-29 [restartedMain] INFO  o.s.boot.web.embedded.tomcat.TomcatWebServer - Tomcat started on port(s): 9090 (http) with context path ''
[0;39m[32m2022-05-29 [restartedMain] INFO  com.fy.dailypaper.DailyPaperApplication - Started DailyPaperApplication in 5.773 seconds (JVM running for 7.524)
[0;39m[32m2022-05-29 [http-nio-9090-exec-1] INFO  o.a.c.core.ContainerBase.[Tomcat].[localhost].[/] - Initializing Spring DispatcherServlet 'dispatcherServlet'
[0;39m[32m2022-05-29 [http-nio-9090-exec-1] INFO  org.springframework.web.servlet.DispatcherServlet - Initializing Servlet 'dispatcherServlet'
[0;39m[32m2022-05-29 [http-nio-9090-exec-1] INFO  org.springframework.web.servlet.DispatcherServlet - Completed initialization in 2 ms
[0;39m[32m2022-05-29 [SpringApplicationShutdownHook] INFO  com.alibaba.druid.pool.DruidDataSource - {dataSource-1} closing ...
[0;39m[32m2022-05-29 [SpringApplicationShutdownHook] INFO  com.alibaba.druid.pool.DruidDataSource - {dataSource-1} closed
[0;39m[32m2022-05-29 [restartedMain] INFO  com.fy.dailypaper.DailyPaperApplication - Starting DailyPaperApplication using Java 1.8.0_311 on FlyingdeMacBook-Pro.local with PID 15346 (/Library/Code/dailyPaper/target/classes started by flying in /Library/Code/dailyPaper)
[0;39m[32m2022-05-29 [restartedMain] INFO  com.fy.dailypaper.DailyPaperApplication - No active profile set, falling back to 1 default profile: "default"
[0;39m[32m2022-05-29 [restartedMain] INFO  o.s.b.d.env.DevToolsPropertyDefaultsPostProcessor - Devtools property defaults active! Set 'spring.devtools.add-properties' to 'false' to disable
[0;39m[32m2022-05-29 [restartedMain] INFO  o.s.b.d.env.DevToolsPropertyDefaultsPostProcessor - For additional web related logging consider setting the 'logging.level.web' property to 'DEBUG'
[0;39m[32m2022-05-29 [restartedMain] INFO  o.s.d.r.config.RepositoryConfigurationDelegate - Multiple Spring Data modules found, entering strict repository configuration mode!
[0;39m[32m2022-05-29 [restartedMain] INFO  o.s.d.r.config.RepositoryConfigurationDelegate - Bootstrapping Spring Data Redis repositories in DEFAULT mode.
[0;39m[32m2022-05-29 [restartedMain] INFO  o.s.d.r.config.RepositoryConfigurationDelegate - Finished Spring Data repository scanning in 6 ms. Found 0 Redis repository interfaces.
[0;39m[32m2022-05-29 [restartedMain] INFO  o.s.boot.web.embedded.tomcat.TomcatWebServer - Tomcat initialized with port(s): 9090 (http)
[0;39m[32m2022-05-29 [restartedMain] INFO  org.apache.catalina.core.StandardService - Starting service [Tomcat]
[0;39m[32m2022-05-29 [restartedMain] INFO  org.apache.catalina.core.StandardEngine - Starting Servlet engine: [Apache Tomcat/9.0.63]
[0;39m[32m2022-05-29 [restartedMain] INFO  o.a.c.core.ContainerBase.[Tomcat].[localhost].[/] - Initializing Spring embedded WebApplicationContext
[0;39m[32m2022-05-29 [restartedMain] INFO  o.s.b.w.s.c.ServletWebServerApplicationContext - Root WebApplicationContext: initialization completed in 1523 ms
[0;39m[32m2022-05-29 [restartedMain] INFO  c.a.d.s.b.a.DruidDataSourceAutoConfigure - Init DruidDataSource
[0;39m[32m2022-05-29 [restartedMain] INFO  com.alibaba.druid.pool.DruidDataSource - {dataSource-1} inited
[0;39m[32m2022-05-29 [restartedMain] INFO  o.s.b.d.autoconfigure.OptionalLiveReloadServer - LiveReload server is running on port 35729
[0;39m[32m2022-05-29 [restartedMain] INFO  o.s.boot.web.embedded.tomcat.TomcatWebServer - Tomcat started on port(s): 9090 (http) with context path ''
[0;39m[32m2022-05-29 [restartedMain] INFO  com.fy.dailypaper.DailyPaperApplication - Started DailyPaperApplication in 4.455 seconds (JVM running for 5.171)
[0;39m[32m2022-05-29 [http-nio-9090-exec-1] INFO  o.a.c.core.ContainerBase.[Tomcat].[localhost].[/] - Initializing Spring DispatcherServlet 'dispatcherServlet'
[0;39m[32m2022-05-29 [http-nio-9090-exec-1] INFO  org.springframework.web.servlet.DispatcherServlet - Initializing Servlet 'dispatcherServlet'
[0;39m[32m2022-05-29 [http-nio-9090-exec-1] INFO  org.springframework.web.servlet.DispatcherServlet - Completed initialization in 2 ms
[0;39m[32m2022-05-29 [SpringApplicationShutdownHook] INFO  com.alibaba.druid.pool.DruidDataSource - {dataSource-1} closing ...
[0;39m[32m2022-05-29 [SpringApplicationShutdownHook] INFO  com.alibaba.druid.pool.DruidDataSource - {dataSource-1} closed
[0;39m